2016-05-02 13:34:51,811 [INFO] Daemon is starting
2016-05-02 13:34:51,822 [INFO] Executing SCPPush.
2016-05-02 15:46:11,497 [INFO] Daemon is starting
2016-05-02 15:46:11,507 [INFO] Executing SCPPush.
2016-05-02 16:40:46,448 [INFO] Daemon is starting
2016-05-02 16:40:46,458 [INFO] Executing SCPPush.
2016-05-02 17:19:39,651 [INFO] Daemon is starting
2016-05-02 17:19:39,662 [INFO] Executing SCPPush.
2016-05-02 17:24:27,098 [INFO] Daemon is starting
2016-05-02 17:24:27,110 [INFO] Executing ProcessBatchQueue.
2016-05-02 17:26:21,779 [INFO] Daemon is starting
2016-05-02 17:26:21,789 [INFO] Executing ProcessBatchQueue.
2016-05-02 17:26:54,552 [INFO] Daemon is starting
2016-05-02 17:26:54,561 [INFO] Executing ProcessBatchQueue.
2016-05-02 17:27:09,785 [INFO] Daemon is starting
2016-05-02 17:27:09,796 [INFO] Executing ProcessBatchQueue.
2016-05-02 17:27:35,331 [INFO] Daemon is starting
2016-05-02 17:27:35,340 [INFO] Executing ProcessBatchQueue.
2016-05-02 18:07:27,009 [INFO] Daemon is starting
2016-05-02 18:07:27,020 [INFO] Executing ProcessBatchQueue.
2016-05-02 18:10:22,917 [INFO] Daemon is starting
2016-05-02 18:10:22,927 [INFO] Executing ProcessBatchQueue.
2016-05-02 18:11:26,533 [INFO] Daemon is starting
2016-05-02 18:11:26,546 [INFO] Executing ProcessBatchQueue.
2016-05-02 18:12:37,045 [INFO] Daemon is starting
2016-05-02 18:13:04,021 [INFO] Daemon is starting
2016-05-02 18:13:04,033 [INFO] Executing ProcessBatchQueue.
2016-05-02 18:15:20,467 [INFO] Daemon is starting
2016-05-02 18:15:20,479 [INFO] Executing ProcessBatchQueue.
2016-05-02 18:18:55,681 [INFO] Daemon is starting
2016-05-02 18:18:55,692 [INFO] Executing ProcessBatchQueue.
2016-05-02 18:19:23,239 [INFO] Daemon is starting
2016-05-02 18:19:23,250 [INFO] Executing SCPPush.
2016-05-02 18:23:33,847 [INFO] Daemon is starting
2016-05-02 18:23:33,857 [INFO] Executing SCPPush.
2016-05-02 18:50:29,016 [INFO] Daemon is starting
2016-05-02 18:50:29,029 [INFO] Executing ProcessBatchQueue.
2016-05-02 18:50:29,292 [INFO] Executing SCPPush.
2016-05-02 18:53:17,355 [INFO] Daemon is starting
2016-05-02 18:53:17,367 [INFO] Executing ProcessBatchQueue.
2016-05-02 18:53:17,554 [INFO] Executing SCPPush.
2016-05-02 18:53:31,427 [INFO] Daemon is starting
2016-05-02 18:53:31,438 [INFO] Executing ProcessBatchQueue.
2016-05-02 18:53:31,650 [INFO] Executing SCPPush.
2016-05-02 18:53:35,791 [INFO] Executing SCPPull.
2016-05-02 18:53:42,451 [INFO] Transferring run 352 to: tegner-login-1
2016-05-02 18:53:42,524 [INFO] Starting SCP
2016-05-02 18:53:43,383 [INFO] connection to midway-login1.rcc.uchicago.edu
2016-05-02 18:53:43,728 [DEBUG] starting thread (client mode): 0x3d973fd0
2016-05-02 18:53:43,730 [DEBUG] Local version/idstring: SSH-2.0-paramiko_2.0.0
2016-05-02 18:53:45,311 [DEBUG] Remote version/idstring: SSH-2.0-OpenSSH_5.3
2016-05-02 18:53:45,312 [INFO] Connected (version 2.0, client OpenSSH_5.3)
2016-05-02 18:53:45,544 [DEBUG] kex algos:['diffie-hellman-group-exchange-sha256', 'diffie-hellman-group-exchange-sha1', 'diffie-hellman-group14-sha1', 'diffie-hellman-group1-sha1'] server key:['ssh-rsa', 'ssh-dss'] client encrypt:['aes128-ctr', 'aes192-ctr', 'aes256-ctr', 'arcfour256', 'arcfour128', 'aes128-cbc', '3des-cbc', 'blowfish-cbc', 'cast128-cbc', 'aes192-cbc', 'aes256-cbc', 'arcfour', 'rijndael-cbc@lysator.liu.se'] server encrypt:['aes128-ctr', 'aes192-ctr', 'aes256-ctr', 'arcfour256', 'arcfour128', 'aes128-cbc', '3des-cbc', 'blowfish-cbc', 'cast128-cbc', 'aes192-cbc', 'aes256-cbc', 'arcfour', 'rijndael-cbc@lysator.liu.se'] client mac:['hmac-md5', 'hmac-sha1', 'umac-64@openssh.com', 'hmac-sha2-256', 'hmac-sha2-512', 'hmac-ripemd160', 'hmac-ripemd160@openssh.com', 'hmac-sha1-96', 'hmac-md5-96'] server mac:['hmac-md5', 'hmac-sha1', 'umac-64@openssh.com', 'hmac-sha2-256', 'hmac-sha2-512', 'hmac-ripemd160', 'hmac-ripemd160@openssh.com', 'hmac-sha1-96', 'hmac-md5-96'] client compress:['none', 'zlib@openssh.com'] server compress:['none', 'zlib@openssh.com'] client lang:[''] server lang:[''] kex follows?False
2016-05-02 18:53:45,545 [DEBUG] Kex agreed: diffie-hellman-group1-sha1
2016-05-02 18:53:45,545 [DEBUG] Cipher agreed: aes128-ctr
2016-05-02 18:53:45,545 [DEBUG] MAC agreed: hmac-sha2-256
2016-05-02 18:53:45,546 [DEBUG] Compression agreed: none
2016-05-02 18:53:45,801 [DEBUG] kex engine KexGroup1 specified hash_algo <built-in function openssl_sha1>
2016-05-02 18:53:45,803 [DEBUG] Switch to new keys ...
2016-05-02 18:53:45,815 [DEBUG] Trying discovered key b'b771447567f90e4025a31312a65675cb' in /afs/pdc.kth.se/home/b/bobau/.ssh/id_rsa
2016-05-02 18:53:46,288 [DEBUG] userauth is OK
2016-05-02 18:53:46,630 [INFO] Authentication (publickey) successful!
2016-05-02 18:53:46,631 [INFO] get: /project/lgrandi/xenon1t/160501_1826 to /cfs/klemming/projects/xenon/xenon1t/data/160501_1826
2016-05-02 18:53:46,632 [DEBUG] [chan 0] Max packet in: 32768 bytes
2016-05-02 18:53:46,769 [DEBUG] [chan 0] Max packet out: 32768 bytes
2016-05-02 18:53:46,770 [DEBUG] Secsh channel 0 opened.
2016-05-02 18:53:46,938 [DEBUG] [chan 0] Sesch channel 0 request ok
2016-05-02 18:56:06,456 [DEBUG] Rekeying (hit 32593 packets, 536883824 bytes received)
2016-05-02 18:56:08,882 [DEBUG] kex algos:['diffie-hellman-group-exchange-sha256', 'diffie-hellman-group-exchange-sha1', 'diffie-hellman-group14-sha1', 'diffie-hellman-group1-sha1'] server key:['ssh-rsa', 'ssh-dss'] client encrypt:['aes128-ctr', 'aes192-ctr', 'aes256-ctr', 'arcfour256', 'arcfour128', 'aes128-cbc', '3des-cbc', 'blowfish-cbc', 'cast128-cbc', 'aes192-cbc', 'aes256-cbc', 'arcfour', 'rijndael-cbc@lysator.liu.se'] server encrypt:['aes128-ctr', 'aes192-ctr', 'aes256-ctr', 'arcfour256', 'arcfour128', 'aes128-cbc', '3des-cbc', 'blowfish-cbc', 'cast128-cbc', 'aes192-cbc', 'aes256-cbc', 'arcfour', 'rijndael-cbc@lysator.liu.se'] client mac:['hmac-md5', 'hmac-sha1', 'umac-64@openssh.com', 'hmac-sha2-256', 'hmac-sha2-512', 'hmac-ripemd160', 'hmac-ripemd160@openssh.com', 'hmac-sha1-96', 'hmac-md5-96'] server mac:['hmac-md5', 'hmac-sha1', 'umac-64@openssh.com', 'hmac-sha2-256', 'hmac-sha2-512', 'hmac-ripemd160', 'hmac-ripemd160@openssh.com', 'hmac-sha1-96', 'hmac-md5-96'] client compress:['none', 'zlib@openssh.com'] server compress:['none', 'zlib@openssh.com'] client lang:[''] server lang:[''] kex follows?False
2016-05-02 18:56:08,883 [DEBUG] Kex agreed: diffie-hellman-group1-sha1
2016-05-02 18:56:08,884 [DEBUG] Cipher agreed: aes128-ctr
2016-05-02 18:56:08,884 [DEBUG] MAC agreed: hmac-sha2-256
2016-05-02 18:56:08,884 [DEBUG] Compression agreed: none
2016-05-02 18:56:09,133 [DEBUG] Switch to new keys ...
2016-05-02 18:56:19,338 [DEBUG] [chan 0] EOF received (0)
2016-05-02 18:56:19,340 [DEBUG] [chan 0] EOF sent (0)
2016-05-02 18:56:19,341 [DEBUG] Dropping user packet because connection is dead.
2016-05-02 18:56:19,459 [INFO] Transfer complete
2016-05-02 18:56:19,460 [INFO] Transferring run 353 to: tegner-login-1
2016-05-02 18:56:19,533 [INFO] Starting SCP
2016-05-02 18:56:19,542 [INFO] connection to midway-login1.rcc.uchicago.edu
2016-05-02 18:56:19,671 [DEBUG] starting thread (client mode): 0x3d973278
2016-05-02 18:56:19,672 [DEBUG] Local version/idstring: SSH-2.0-paramiko_2.0.0
2016-05-02 18:56:19,803 [DEBUG] Remote version/idstring: SSH-2.0-OpenSSH_5.3
2016-05-02 18:56:19,803 [INFO] Connected (version 2.0, client OpenSSH_5.3)
2016-05-02 18:56:19,930 [DEBUG] kex algos:['diffie-hellman-group-exchange-sha256', 'diffie-hellman-group-exchange-sha1', 'diffie-hellman-group14-sha1', 'diffie-hellman-group1-sha1'] server key:['ssh-rsa', 'ssh-dss'] client encrypt:['aes128-ctr', 'aes192-ctr', 'aes256-ctr', 'arcfour256', 'arcfour128', 'aes128-cbc', '3des-cbc', 'blowfish-cbc', 'cast128-cbc', 'aes192-cbc', 'aes256-cbc', 'arcfour', 'rijndael-cbc@lysator.liu.se'] server encrypt:['aes128-ctr', 'aes192-ctr', 'aes256-ctr', 'arcfour256', 'arcfour128', 'aes128-cbc', '3des-cbc', 'blowfish-cbc', 'cast128-cbc', 'aes192-cbc', 'aes256-cbc', 'arcfour', 'rijndael-cbc@lysator.liu.se'] client mac:['hmac-md5', 'hmac-sha1', 'umac-64@openssh.com', 'hmac-sha2-256', 'hmac-sha2-512', 'hmac-ripemd160', 'hmac-ripemd160@openssh.com', 'hmac-sha1-96', 'hmac-md5-96'] server mac:['hmac-md5', 'hmac-sha1', 'umac-64@openssh.com', 'hmac-sha2-256', 'hmac-sha2-512', 'hmac-ripemd160', 'hmac-ripemd160@openssh.com', 'hmac-sha1-96', 'hmac-md5-96'] client compress:['none', 'zlib@openssh.com'] server compress:['none', 'zlib@openssh.com'] client lang:[''] server lang:[''] kex follows?False
2016-05-02 18:56:19,930 [DEBUG] Kex agreed: diffie-hellman-group1-sha1
2016-05-02 18:56:19,931 [DEBUG] Cipher agreed: aes128-ctr
2016-05-02 18:56:19,931 [DEBUG] MAC agreed: hmac-sha2-256
2016-05-02 18:56:19,931 [DEBUG] Compression agreed: none
2016-05-02 18:56:20,118 [DEBUG] kex engine KexGroup1 specified hash_algo <built-in function openssl_sha1>
2016-05-02 18:56:20,119 [DEBUG] Switch to new keys ...
2016-05-02 18:56:20,121 [DEBUG] Trying discovered key b'b771447567f90e4025a31312a65675cb' in /afs/pdc.kth.se/home/b/bobau/.ssh/id_rsa
2016-05-02 18:56:20,412 [DEBUG] userauth is OK
2016-05-02 18:56:20,566 [INFO] Authentication (publickey) successful!
2016-05-02 18:56:20,567 [INFO] get: /project/lgrandi/xenon1t/160501_1900.root to /cfs/klemming/projects/xenon/xenon1t/data/160501_1900.root
2016-05-02 18:56:20,568 [DEBUG] [chan 0] Max packet in: 32768 bytes
2016-05-02 18:56:20,696 [DEBUG] [chan 0] Max packet out: 32768 bytes
2016-05-02 18:56:20,696 [DEBUG] Secsh channel 0 opened.
2016-05-02 18:56:20,825 [DEBUG] [chan 0] Sesch channel 0 request ok
2016-05-02 18:56:24,332 [DEBUG] [chan 0] EOF received (0)
2016-05-02 18:56:24,333 [DEBUG] [chan 0] EOF sent (0)
2016-05-02 18:56:24,434 [DEBUG] EOF in transport thread
2016-05-02 18:56:24,507 [INFO] Transfer complete
2016-05-02 18:56:24,508 [INFO] Transferring run 354 to: tegner-login-1
2016-05-02 18:56:24,580 [INFO] Starting SCP
2016-05-02 18:56:24,585 [INFO] connection to midway-login1.rcc.uchicago.edu
2016-05-02 18:56:24,720 [DEBUG] starting thread (client mode): 0xf4898908
2016-05-02 18:56:24,721 [DEBUG] Local version/idstring: SSH-2.0-paramiko_2.0.0
2016-05-02 18:56:24,859 [DEBUG] Remote version/idstring: SSH-2.0-OpenSSH_5.3
2016-05-02 18:56:24,859 [INFO] Connected (version 2.0, client OpenSSH_5.3)
2016-05-02 18:56:24,992 [DEBUG] kex algos:['diffie-hellman-group-exchange-sha256', 'diffie-hellman-group-exchange-sha1', 'diffie-hellman-group14-sha1', 'diffie-hellman-group1-sha1'] server key:['ssh-rsa', 'ssh-dss'] client encrypt:['aes128-ctr', 'aes192-ctr', 'aes256-ctr', 'arcfour256', 'arcfour128', 'aes128-cbc', '3des-cbc', 'blowfish-cbc', 'cast128-cbc', 'aes192-cbc', 'aes256-cbc', 'arcfour', 'rijndael-cbc@lysator.liu.se'] server encrypt:['aes128-ctr', 'aes192-ctr', 'aes256-ctr', 'arcfour256', 'arcfour128', 'aes128-cbc', '3des-cbc', 'blowfish-cbc', 'cast128-cbc', 'aes192-cbc', 'aes256-cbc', 'arcfour', 'rijndael-cbc@lysator.liu.se'] client mac:['hmac-md5', 'hmac-sha1', 'umac-64@openssh.com', 'hmac-sha2-256', 'hmac-sha2-512', 'hmac-ripemd160', 'hmac-ripemd160@openssh.com', 'hmac-sha1-96', 'hmac-md5-96'] server mac:['hmac-md5', 'hmac-sha1', 'umac-64@openssh.com', 'hmac-sha2-256', 'hmac-sha2-512', 'hmac-ripemd160', 'hmac-ripemd160@openssh.com', 'hmac-sha1-96', 'hmac-md5-96'] client compress:['none', 'zlib@openssh.com'] server compress:['none', 'zlib@openssh.com'] client lang:[''] server lang:[''] kex follows?False
2016-05-02 18:56:24,992 [DEBUG] Kex agreed: diffie-hellman-group1-sha1
2016-05-02 18:56:24,993 [DEBUG] Cipher agreed: aes128-ctr
2016-05-02 18:56:24,993 [DEBUG] MAC agreed: hmac-sha2-256
2016-05-02 18:56:24,993 [DEBUG] Compression agreed: none
2016-05-02 18:56:25,182 [DEBUG] kex engine KexGroup1 specified hash_algo <built-in function openssl_sha1>
2016-05-02 18:56:25,183 [DEBUG] Switch to new keys ...
2016-05-02 18:56:25,186 [DEBUG] Trying discovered key b'b771447567f90e4025a31312a65675cb' in /afs/pdc.kth.se/home/b/bobau/.ssh/id_rsa
2016-05-02 18:56:25,488 [DEBUG] userauth is OK
2016-05-02 18:56:25,643 [INFO] Authentication (publickey) successful!
2016-05-02 18:56:25,644 [INFO] get: /project/lgrandi/xenon1t/160502_0844 to /cfs/klemming/projects/xenon/xenon1t/data/160502_0844
2016-05-02 18:56:25,645 [DEBUG] [chan 0] Max packet in: 32768 bytes
2016-05-02 18:56:25,778 [DEBUG] [chan 0] Max packet out: 32768 bytes
2016-05-02 18:56:25,779 [DEBUG] Secsh channel 0 opened.
2016-05-02 18:56:25,915 [DEBUG] [chan 0] Sesch channel 0 request ok
2016-05-02 18:56:28,473 [DEBUG] [chan 0] EOF received (0)
2016-05-02 18:56:28,475 [DEBUG] [chan 0] EOF sent (0)
2016-05-02 18:56:28,576 [DEBUG] EOF in transport thread
2016-05-02 18:56:28,649 [INFO] Transfer complete
2016-05-02 18:56:28,656 [INFO] Executing AddChecksum.
2016-05-02 18:56:34,403 [INFO] Adding a checksum to run 352
2016-05-02 18:56:34,480 [INFO] Adding a checksum to run 354
2016-05-02 18:56:34,553 [INFO] Executing CompareChecksums.
2016-05-02 18:56:38,687 [ERROR] Checksums error run 204
2016-05-02 18:56:38,696 [ERROR] Checksums error run 208
2016-05-02 18:56:38,705 [ERROR] Checksums error run 210
2016-05-02 18:56:38,713 [ERROR] Checksums error run 211
2016-05-02 18:56:38,720 [ERROR] Checksums error run 212
2016-05-02 18:56:38,727 [ERROR] Checksums error run 213
2016-05-02 18:56:38,734 [ERROR] Checksums error run 214
2016-05-02 18:56:38,741 [ERROR] Checksums error run 215
2016-05-02 18:56:38,747 [ERROR] Checksums error run 216
2016-05-02 18:56:38,754 [ERROR] Checksums error run 217
2016-05-02 18:56:38,760 [ERROR] Checksums error run 218
2016-05-02 18:56:38,766 [ERROR] Checksums error run 219
2016-05-02 18:56:38,772 [ERROR] Checksums error run 224
2016-05-02 18:56:38,779 [ERROR] Checksums error run 225
2016-05-02 18:56:38,784 [ERROR] Checksums error run 227
2016-05-02 18:56:38,790 [ERROR] Checksums error run 228
2016-05-02 18:56:38,796 [ERROR] Checksums error run 229
2016-05-02 18:56:38,801 [ERROR] Checksums error run 230
2016-05-02 18:56:38,806 [ERROR] Checksums error run 231
2016-05-02 18:56:38,812 [ERROR] Checksums error run 234
2016-05-02 18:56:38,817 [ERROR] Checksums error run 235
2016-05-02 18:56:38,824 [ERROR] Checksums error run 271
2016-05-02 18:56:38,829 [ERROR] Checksums error run 272
2016-05-02 18:56:38,835 [ERROR] Checksums error run 275
2016-05-02 18:56:38,841 [ERROR] Checksums error run 284
2016-05-02 18:56:38,846 [ERROR] Checksums error run 285
2016-05-02 18:56:38,851 [ERROR] Checksums error run 286
2016-05-02 18:56:38,856 [ERROR] Checksums error run 288
2016-05-02 18:56:38,862 [ERROR] Checksums error run 289
2016-05-02 18:56:38,867 [ERROR] Checksums error run 292
2016-05-02 18:56:38,872 [ERROR] Checksums error run 293
2016-05-02 18:56:38,878 [ERROR] Checksums error run 294
2016-05-02 18:56:38,883 [ERROR] Checksums error run 295
2016-05-02 18:56:38,889 [ERROR] Checksums error run 296
2016-05-02 18:56:38,894 [ERROR] Checksums error run 297
2016-05-02 18:56:38,900 [ERROR] Checksums error run 299
2016-05-02 18:56:38,905 [ERROR] Checksums error run 300
2016-05-02 18:56:38,911 [ERROR] Checksums error run 301
2016-05-02 18:56:38,916 [ERROR] Checksums error run 302
2016-05-02 18:56:38,921 [ERROR] Checksums error run 303
2016-05-02 18:56:38,926 [ERROR] Checksums error run 304
2016-05-02 18:56:38,931 [ERROR] Checksums error run 305
2016-05-02 18:56:38,937 [ERROR] Checksums error run 306
2016-05-02 18:56:38,942 [ERROR] Checksums error run 307
2016-05-02 18:56:38,947 [ERROR] Checksums error run 309
2016-05-02 18:56:38,952 [ERROR] Checksums error run 310
2016-05-02 18:56:38,959 [ERROR] Checksums error run 337
2016-05-02 18:56:38,964 [ERROR] Checksums error run 338
2016-05-02 18:56:38,969 [ERROR] Checksums error run 340
2016-05-02 18:56:38,971 [INFO] Executing ClearDAQBuffer.
2016-05-02 18:56:42,802 [ERROR] Checksums error run 204
2016-05-02 18:56:42,809 [ERROR] Checksums error run 208
2016-05-02 18:56:42,815 [ERROR] Checksums error run 210
2016-05-02 18:56:42,821 [ERROR] Checksums error run 211
2016-05-02 18:56:42,826 [ERROR] Checksums error run 212
2016-05-02 18:56:42,832 [ERROR] Checksums error run 213
2016-05-02 18:56:42,837 [ERROR] Checksums error run 214
2016-05-02 18:56:42,842 [ERROR] Checksums error run 215
2016-05-02 18:56:42,847 [ERROR] Checksums error run 216
2016-05-02 18:56:42,852 [ERROR] Checksums error run 217
2016-05-02 18:56:42,857 [ERROR] Checksums error run 218
2016-05-02 18:56:42,862 [ERROR] Checksums error run 219
2016-05-02 18:56:42,867 [ERROR] Checksums error run 224
2016-05-02 18:56:42,872 [ERROR] Checksums error run 225
2016-05-02 18:56:42,877 [ERROR] Checksums error run 227
2016-05-02 18:56:42,882 [ERROR] Checksums error run 228
2016-05-02 18:56:42,887 [ERROR] Checksums error run 229
2016-05-02 18:56:42,892 [ERROR] Checksums error run 230
2016-05-02 18:56:42,897 [ERROR] Checksums error run 231
2016-05-02 18:56:42,903 [ERROR] Checksums error run 234
2016-05-02 18:56:42,908 [ERROR] Checksums error run 235
2016-05-02 18:56:42,916 [ERROR] Checksums error run 271
2016-05-02 18:56:42,922 [ERROR] Checksums error run 272
2016-05-02 18:56:42,928 [ERROR] Checksums error run 275
2016-05-02 18:56:42,934 [ERROR] Checksums error run 284
2016-05-02 18:56:42,940 [ERROR] Checksums error run 285
2016-05-02 18:56:42,946 [ERROR] Checksums error run 286
2016-05-02 18:56:42,951 [ERROR] Checksums error run 288
2016-05-02 18:56:42,956 [ERROR] Checksums error run 289
2016-05-02 18:56:42,961 [ERROR] Checksums error run 292
2016-05-02 18:56:42,969 [ERROR] Checksums error run 293
2016-05-02 18:56:42,975 [ERROR] Checksums error run 294
2016-05-02 18:56:42,981 [ERROR] Checksums error run 295
2016-05-02 18:56:42,986 [ERROR] Checksums error run 296
2016-05-02 18:56:42,991 [ERROR] Checksums error run 297
2016-05-02 18:56:42,996 [ERROR] Checksums error run 299
2016-05-02 18:56:43,002 [ERROR] Checksums error run 300
2016-05-02 18:56:43,007 [ERROR] Checksums error run 301
2016-05-02 18:56:43,012 [ERROR] Checksums error run 302
2016-05-02 18:56:43,017 [ERROR] Checksums error run 303
2016-05-02 18:56:43,023 [ERROR] Checksums error run 304
2016-05-02 18:56:43,028 [ERROR] Checksums error run 305
2016-05-02 18:56:43,034 [ERROR] Checksums error run 306
2016-05-02 18:56:43,039 [ERROR] Checksums error run 307
2016-05-02 18:56:43,044 [ERROR] Checksums error run 309
2016-05-02 18:56:43,049 [ERROR] Checksums error run 310
2016-05-02 18:56:43,056 [ERROR] Checksums error run 337
2016-05-02 18:56:43,061 [ERROR] Checksums error run 338
2016-05-02 18:56:43,066 [ERROR] Checksums error run 340
2016-05-02 18:56:43,068 [INFO] Executing AlertFailedTransfer.
2016-05-02 18:56:47,168 [ERROR] Checksums error run 204
2016-05-02 18:56:47,174 [ERROR] Checksums error run 208
2016-05-02 18:56:47,181 [ERROR] Checksums error run 210
2016-05-02 18:56:47,187 [ERROR] Checksums error run 211
2016-05-02 18:56:47,193 [ERROR] Checksums error run 212
2016-05-02 18:56:47,199 [ERROR] Checksums error run 213
2016-05-02 18:56:47,204 [ERROR] Checksums error run 214
2016-05-02 18:56:47,209 [ERROR] Checksums error run 215
2016-05-02 18:56:47,215 [ERROR] Checksums error run 216
2016-05-02 18:56:47,220 [ERROR] Checksums error run 217
2016-05-02 18:56:47,226 [ERROR] Checksums error run 218
2016-05-02 18:56:47,231 [ERROR] Checksums error run 219
2016-05-02 18:56:47,236 [ERROR] Checksums error run 224
2016-05-02 18:56:47,241 [ERROR] Checksums error run 225
2016-05-02 18:56:47,247 [ERROR] Checksums error run 227
2016-05-02 18:56:47,252 [ERROR] Checksums error run 228
2016-05-02 18:56:47,257 [ERROR] Checksums error run 229
2016-05-02 18:56:47,262 [ERROR] Checksums error run 230
2016-05-02 18:56:47,267 [ERROR] Checksums error run 231
2016-05-02 18:56:47,272 [ERROR] Checksums error run 234
2016-05-02 18:56:47,277 [ERROR] Checksums error run 235
2016-05-02 18:56:47,285 [ERROR] Checksums error run 271
2016-05-02 18:56:47,291 [ERROR] Checksums error run 272
2016-05-02 18:56:47,296 [ERROR] Checksums error run 275
2016-05-02 18:56:47,302 [ERROR] Checksums error run 284
2016-05-02 18:56:47,307 [ERROR] Checksums error run 285
2016-05-02 18:56:47,313 [ERROR] Checksums error run 286
2016-05-02 18:56:47,318 [ERROR] Checksums error run 288
2016-05-02 18:56:47,323 [ERROR] Checksums error run 289
2016-05-02 18:56:47,328 [ERROR] Checksums error run 292
2016-05-02 18:56:47,334 [ERROR] Checksums error run 293
2016-05-02 18:56:47,339 [ERROR] Checksums error run 294
2016-05-02 18:56:47,344 [ERROR] Checksums error run 295
2016-05-02 18:56:47,349 [ERROR] Checksums error run 296
2016-05-02 18:56:47,354 [ERROR] Checksums error run 297
2016-05-02 18:56:47,359 [ERROR] Checksums error run 299
2016-05-02 18:56:47,364 [ERROR] Checksums error run 300
2016-05-02 18:56:47,369 [ERROR] Checksums error run 301
2016-05-02 18:56:47,375 [ERROR] Checksums error run 302
2016-05-02 18:56:47,380 [ERROR] Checksums error run 303
2016-05-02 18:56:47,385 [ERROR] Checksums error run 304
2016-05-02 18:56:47,390 [ERROR] Checksums error run 305
2016-05-02 18:56:47,395 [ERROR] Checksums error run 306
2016-05-02 18:56:47,400 [ERROR] Checksums error run 307
2016-05-02 18:56:47,405 [ERROR] Checksums error run 309
2016-05-02 18:56:47,410 [ERROR] Checksums error run 310
2016-05-02 18:56:47,417 [ERROR] Checksums error run 337
2016-05-02 18:56:47,422 [ERROR] Checksums error run 338
2016-05-02 18:56:47,427 [ERROR] Checksums error run 340
2016-05-02 19:02:36,768 [INFO] Daemon is starting
2016-05-02 19:02:36,777 [INFO] Executing ProcessBatchQueue.
2016-05-02 19:09:32,512 [INFO] Daemon is starting
2016-05-02 19:09:32,523 [INFO] Executing ProcessBatchQueue.
2016-05-02 19:09:41,766 [INFO] Daemon is starting
2016-05-02 19:09:41,777 [INFO] Executing ProcessBatchQueue.
2016-05-02 19:10:13,904 [INFO] Daemon is starting
2016-05-02 19:10:13,914 [INFO] Executing ProcessBatchQueue.
2016-05-02 19:10:53,496 [INFO] Daemon is starting
2016-05-02 19:10:53,507 [INFO] Executing ProcessBatchQueue.
2016-05-02 19:11:02,287 [INFO] Daemon is starting
2016-05-02 19:11:23,413 [INFO] Daemon is starting
2016-05-02 19:11:23,426 [INFO] Executing ProcessBatchQueue.
2016-05-02 19:11:23,655 [INFO] Executing SCPPush.
2016-05-02 19:11:33,180 [INFO] Daemon is starting
2016-05-02 19:11:33,191 [INFO] Executing ProcessBatchQueue.
2016-05-02 19:11:33,461 [INFO] Executing SCPPush.
2016-05-02 19:11:36,923 [INFO] Executing SCPPull.
2016-05-02 19:11:40,375 [INFO] Transferring run 357 to: tegner-login-1
2016-05-02 19:11:40,448 [INFO] Starting SCP
2016-05-02 19:11:40,575 [INFO] connection to midway-login1.rcc.uchicago.edu
2016-05-02 19:11:40,820 [DEBUG] starting thread (client mode): 0xe82a0da0
2016-05-02 19:11:40,821 [DEBUG] Local version/idstring: SSH-2.0-paramiko_2.0.0
2016-05-02 19:11:40,958 [DEBUG] Remote version/idstring: SSH-2.0-OpenSSH_5.3
2016-05-02 19:11:40,958 [INFO] Connected (version 2.0, client OpenSSH_5.3)
2016-05-02 19:11:41,091 [DEBUG] kex algos:['diffie-hellman-group-exchange-sha256', 'diffie-hellman-group-exchange-sha1', 'diffie-hellman-group14-sha1', 'diffie-hellman-group1-sha1'] server key:['ssh-rsa', 'ssh-dss'] client encrypt:['aes128-ctr', 'aes192-ctr', 'aes256-ctr', 'arcfour256', 'arcfour128', 'aes128-cbc', '3des-cbc', 'blowfish-cbc', 'cast128-cbc', 'aes192-cbc', 'aes256-cbc', 'arcfour', 'rijndael-cbc@lysator.liu.se'] server encrypt:['aes128-ctr', 'aes192-ctr', 'aes256-ctr', 'arcfour256', 'arcfour128', 'aes128-cbc', '3des-cbc', 'blowfish-cbc', 'cast128-cbc', 'aes192-cbc', 'aes256-cbc', 'arcfour', 'rijndael-cbc@lysator.liu.se'] client mac:['hmac-md5', 'hmac-sha1', 'umac-64@openssh.com', 'hmac-sha2-256', 'hmac-sha2-512', 'hmac-ripemd160', 'hmac-ripemd160@openssh.com', 'hmac-sha1-96', 'hmac-md5-96'] server mac:['hmac-md5', 'hmac-sha1', 'umac-64@openssh.com', 'hmac-sha2-256', 'hmac-sha2-512', 'hmac-ripemd160', 'hmac-ripemd160@openssh.com', 'hmac-sha1-96', 'hmac-md5-96'] client compress:['none', 'zlib@openssh.com'] server compress:['none', 'zlib@openssh.com'] client lang:[''] server lang:[''] kex follows?False
2016-05-02 19:11:41,092 [DEBUG] Kex agreed: diffie-hellman-group1-sha1
2016-05-02 19:11:41,092 [DEBUG] Cipher agreed: aes128-ctr
2016-05-02 19:11:41,092 [DEBUG] MAC agreed: hmac-sha2-256
2016-05-02 19:11:41,092 [DEBUG] Compression agreed: none
2016-05-02 19:11:41,278 [DEBUG] kex engine KexGroup1 specified hash_algo <built-in function openssl_sha1>
2016-05-02 19:11:41,279 [DEBUG] Switch to new keys ...
2016-05-02 19:11:41,293 [DEBUG] Trying discovered key b'b771447567f90e4025a31312a65675cb' in /afs/pdc.kth.se/home/b/bobau/.ssh/id_rsa
2016-05-02 19:11:41,583 [DEBUG] userauth is OK
2016-05-02 19:11:42,057 [INFO] Authentication (publickey) successful!
2016-05-02 19:11:42,058 [INFO] get: /project/lgrandi/xenon1t/160502_0953 to /cfs/klemming/projects/xenon/xenon1t/data/160502_0953
2016-05-02 19:11:42,059 [DEBUG] [chan 0] Max packet in: 32768 bytes
2016-05-02 19:11:42,193 [DEBUG] [chan 0] Max packet out: 32768 bytes
2016-05-02 19:11:42,193 [DEBUG] Secsh channel 0 opened.
2016-05-02 19:11:42,328 [DEBUG] [chan 0] Sesch channel 0 request ok
2016-05-02 19:12:47,050 [DEBUG] [chan 0] EOF received (0)
2016-05-02 19:12:47,053 [DEBUG] [chan 0] EOF sent (0)
2016-05-02 19:12:47,155 [DEBUG] EOF in transport thread
2016-05-02 19:12:47,228 [INFO] Transfer complete
2016-05-02 19:12:47,230 [INFO] Transferring run 358 to: tegner-login-1
2016-05-02 19:12:47,302 [INFO] Starting SCP
2016-05-02 19:12:47,311 [INFO] connection to midway-login1.rcc.uchicago.edu
2016-05-02 19:12:47,440 [DEBUG] starting thread (client mode): 0xd04a6860
2016-05-02 19:12:47,441 [DEBUG] Local version/idstring: SSH-2.0-paramiko_2.0.0
2016-05-02 19:12:47,572 [DEBUG] Remote version/idstring: SSH-2.0-OpenSSH_5.3
2016-05-02 19:12:47,572 [INFO] Connected (version 2.0, client OpenSSH_5.3)
2016-05-02 19:12:47,698 [DEBUG] kex algos:['diffie-hellman-group-exchange-sha256', 'diffie-hellman-group-exchange-sha1', 'diffie-hellman-group14-sha1', 'diffie-hellman-group1-sha1'] server key:['ssh-rsa', 'ssh-dss'] client encrypt:['aes128-ctr', 'aes192-ctr', 'aes256-ctr', 'arcfour256', 'arcfour128', 'aes128-cbc', '3des-cbc', 'blowfish-cbc', 'cast128-cbc', 'aes192-cbc', 'aes256-cbc', 'arcfour', 'rijndael-cbc@lysator.liu.se'] server encrypt:['aes128-ctr', 'aes192-ctr', 'aes256-ctr', 'arcfour256', 'arcfour128', 'aes128-cbc', '3des-cbc', 'blowfish-cbc', 'cast128-cbc', 'aes192-cbc', 'aes256-cbc', 'arcfour', 'rijndael-cbc@lysator.liu.se'] client mac:['hmac-md5', 'hmac-sha1', 'umac-64@openssh.com', 'hmac-sha2-256', 'hmac-sha2-512', 'hmac-ripemd160', 'hmac-ripemd160@openssh.com', 'hmac-sha1-96', 'hmac-md5-96'] server mac:['hmac-md5', 'hmac-sha1', 'umac-64@openssh.com', 'hmac-sha2-256', 'hmac-sha2-512', 'hmac-ripemd160', 'hmac-ripemd160@openssh.com', 'hmac-sha1-96', 'hmac-md5-96'] client compress:['none', 'zlib@openssh.com'] server compress:['none', 'zlib@openssh.com'] client lang:[''] server lang:[''] kex follows?False
2016-05-02 19:12:47,699 [DEBUG] Kex agreed: diffie-hellman-group1-sha1
2016-05-02 19:12:47,699 [DEBUG] Cipher agreed: aes128-ctr
2016-05-02 19:12:47,699 [DEBUG] MAC agreed: hmac-sha2-256
2016-05-02 19:12:47,699 [DEBUG] Compression agreed: none
2016-05-02 19:12:47,882 [DEBUG] kex engine KexGroup1 specified hash_algo <built-in function openssl_sha1>
2016-05-02 19:12:47,883 [DEBUG] Switch to new keys ...
2016-05-02 19:12:47,886 [DEBUG] Trying discovered key b'b771447567f90e4025a31312a65675cb' in /afs/pdc.kth.se/home/b/bobau/.ssh/id_rsa
2016-05-02 19:12:48,175 [DEBUG] userauth is OK
2016-05-02 19:12:48,327 [INFO] Authentication (publickey) successful!
2016-05-02 19:12:48,327 [INFO] get: /project/lgrandi/xenon1t/160502_0955 to /cfs/klemming/projects/xenon/xenon1t/data/160502_0955
2016-05-02 19:12:48,328 [DEBUG] [chan 0] Max packet in: 32768 bytes
2016-05-02 19:12:48,456 [DEBUG] [chan 0] Max packet out: 32768 bytes
2016-05-02 19:12:48,456 [DEBUG] Secsh channel 0 opened.
2016-05-02 19:12:48,585 [DEBUG] [chan 0] Sesch channel 0 request ok
2016-05-02 19:13:11,506 [DEBUG] [chan 0] EOF received (0)
2016-05-02 19:13:11,507 [DEBUG] [chan 0] EOF sent (0)
2016-05-02 19:13:11,609 [DEBUG] EOF in transport thread
2016-05-02 19:13:11,683 [INFO] Transfer complete
2016-05-02 19:13:11,685 [INFO] Transferring run 359 to: tegner-login-1
2016-05-02 19:13:11,757 [INFO] Starting SCP
2016-05-02 19:13:11,764 [INFO] connection to midway-login1.rcc.uchicago.edu
2016-05-02 19:13:11,899 [DEBUG] starting thread (client mode): 0xd04b50f0
2016-05-02 19:13:11,900 [DEBUG] Local version/idstring: SSH-2.0-paramiko_2.0.0
2016-05-02 19:13:12,038 [DEBUG] Remote version/idstring: SSH-2.0-OpenSSH_5.3
2016-05-02 19:13:12,038 [INFO] Connected (version 2.0, client OpenSSH_5.3)
2016-05-02 19:13:12,170 [DEBUG] kex algos:['diffie-hellman-group-exchange-sha256', 'diffie-hellman-group-exchange-sha1', 'diffie-hellman-group14-sha1', 'diffie-hellman-group1-sha1'] server key:['ssh-rsa', 'ssh-dss'] client encrypt:['aes128-ctr', 'aes192-ctr', 'aes256-ctr', 'arcfour256', 'arcfour128', 'aes128-cbc', '3des-cbc', 'blowfish-cbc', 'cast128-cbc', 'aes192-cbc', 'aes256-cbc', 'arcfour', 'rijndael-cbc@lysator.liu.se'] server encrypt:['aes128-ctr', 'aes192-ctr', 'aes256-ctr', 'arcfour256', 'arcfour128', 'aes128-cbc', '3des-cbc', 'blowfish-cbc', 'cast128-cbc', 'aes192-cbc', 'aes256-cbc', 'arcfour', 'rijndael-cbc@lysator.liu.se'] client mac:['hmac-md5', 'hmac-sha1', 'umac-64@openssh.com', 'hmac-sha2-256', 'hmac-sha2-512', 'hmac-ripemd160', 'hmac-ripemd160@openssh.com', 'hmac-sha1-96', 'hmac-md5-96'] server mac:['hmac-md5', 'hmac-sha1', 'umac-64@openssh.com', 'hmac-sha2-256', 'hmac-sha2-512', 'hmac-ripemd160', 'hmac-ripemd160@openssh.com', 'hmac-sha1-96', 'hmac-md5-96'] client compress:['none', 'zlib@openssh.com'] server compress:['none', 'zlib@openssh.com'] client lang:[''] server lang:[''] kex follows?False
2016-05-02 19:13:12,171 [DEBUG] Kex agreed: diffie-hellman-group1-sha1
2016-05-02 19:13:12,171 [DEBUG] Cipher agreed: aes128-ctr
2016-05-02 19:13:12,172 [DEBUG] MAC agreed: hmac-sha2-256
2016-05-02 19:13:12,172 [DEBUG] Compression agreed: none
2016-05-02 19:13:12,357 [DEBUG] kex engine KexGroup1 specified hash_algo <built-in function openssl_sha1>
2016-05-02 19:13:12,358 [DEBUG] Switch to new keys ...
2016-05-02 19:13:12,360 [DEBUG] Trying discovered key b'b771447567f90e4025a31312a65675cb' in /afs/pdc.kth.se/home/b/bobau/.ssh/id_rsa
2016-05-02 19:13:12,662 [DEBUG] userauth is OK
2016-05-02 19:13:12,821 [INFO] Authentication (publickey) successful!
2016-05-02 19:13:12,822 [INFO] get: /project/lgrandi/xenon1t/160502_0959 to /cfs/klemming/projects/xenon/xenon1t/data/160502_0959
2016-05-02 19:13:12,823 [DEBUG] [chan 0] Max packet in: 32768 bytes
2016-05-02 19:13:12,956 [DEBUG] [chan 0] Max packet out: 32768 bytes
2016-05-02 19:13:12,957 [DEBUG] Secsh channel 0 opened.
2016-05-02 19:13:13,093 [DEBUG] [chan 0] Sesch channel 0 request ok
2016-05-02 19:14:13,718 [DEBUG] [chan 0] EOF received (0)
2016-05-02 19:14:13,719 [DEBUG] [chan 0] EOF sent (0)
2016-05-02 19:14:13,719 [DEBUG] Dropping user packet because connection is dead.
2016-05-02 19:14:13,792 [INFO] Transfer complete
2016-05-02 19:14:13,793 [INFO] Transferring run 361 to: tegner-login-1
2016-05-02 19:14:13,865 [INFO] Starting SCP
2016-05-02 19:14:13,871 [INFO] connection to midway-login1.rcc.uchicago.edu
2016-05-02 19:14:14,008 [DEBUG] starting thread (client mode): 0xd044f3c8
2016-05-02 19:14:14,008 [DEBUG] Local version/idstring: SSH-2.0-paramiko_2.0.0
2016-05-02 19:14:14,146 [DEBUG] Remote version/idstring: SSH-2.0-OpenSSH_5.3
2016-05-02 19:14:14,146 [INFO] Connected (version 2.0, client OpenSSH_5.3)
2016-05-02 19:14:14,278 [DEBUG] kex algos:['diffie-hellman-group-exchange-sha256', 'diffie-hellman-group-exchange-sha1', 'diffie-hellman-group14-sha1', 'diffie-hellman-group1-sha1'] server key:['ssh-rsa', 'ssh-dss'] client encrypt:['aes128-ctr', 'aes192-ctr', 'aes256-ctr', 'arcfour256', 'arcfour128', 'aes128-cbc', '3des-cbc', 'blowfish-cbc', 'cast128-cbc', 'aes192-cbc', 'aes256-cbc', 'arcfour', 'rijndael-cbc@lysator.liu.se'] server encrypt:['aes128-ctr', 'aes192-ctr', 'aes256-ctr', 'arcfour256', 'arcfour128', 'aes128-cbc', '3des-cbc', 'blowfish-cbc', 'cast128-cbc', 'aes192-cbc', 'aes256-cbc', 'arcfour', 'rijndael-cbc@lysator.liu.se'] client mac:['hmac-md5', 'hmac-sha1', 'umac-64@openssh.com', 'hmac-sha2-256', 'hmac-sha2-512', 'hmac-ripemd160', 'hmac-ripemd160@openssh.com', 'hmac-sha1-96', 'hmac-md5-96'] server mac:['hmac-md5', 'hmac-sha1', 'umac-64@openssh.com', 'hmac-sha2-256', 'hmac-sha2-512', 'hmac-ripemd160', 'hmac-ripemd160@openssh.com', 'hmac-sha1-96', 'hmac-md5-96'] client compress:['none', 'zlib@openssh.com'] server compress:['none', 'zlib@openssh.com'] client lang:[''] server lang:[''] kex follows?False
2016-05-02 19:14:14,279 [DEBUG] Kex agreed: diffie-hellman-group1-sha1
2016-05-02 19:14:14,280 [DEBUG] Cipher agreed: aes128-ctr
2016-05-02 19:14:14,280 [DEBUG] MAC agreed: hmac-sha2-256
2016-05-02 19:14:14,280 [DEBUG] Compression agreed: none
2016-05-02 19:14:14,464 [DEBUG] kex engine KexGroup1 specified hash_algo <built-in function openssl_sha1>
2016-05-02 19:14:14,464 [DEBUG] Switch to new keys ...
2016-05-02 19:14:14,467 [DEBUG] Trying discovered key b'b771447567f90e4025a31312a65675cb' in /afs/pdc.kth.se/home/b/bobau/.ssh/id_rsa
2016-05-02 19:14:14,770 [DEBUG] userauth is OK
2016-05-02 19:14:14,928 [INFO] Authentication (publickey) successful!
2016-05-02 19:14:14,929 [INFO] get: /project/lgrandi/xenon1t/160502_1006 to /cfs/klemming/projects/xenon/xenon1t/data/160502_1006
2016-05-02 19:14:14,930 [DEBUG] [chan 0] Max packet in: 32768 bytes
2016-05-02 19:14:15,064 [DEBUG] [chan 0] Max packet out: 32768 bytes
2016-05-02 19:14:15,064 [DEBUG] Secsh channel 0 opened.
2016-05-02 19:14:15,199 [DEBUG] [chan 0] Sesch channel 0 request ok
2016-05-02 19:15:36,104 [DEBUG] Rekeying (hit 32510 packets, 536885824 bytes received)
2016-05-02 19:15:36,359 [DEBUG] kex algos:['diffie-hellman-group-exchange-sha256', 'diffie-hellman-group-exchange-sha1', 'diffie-hellman-group14-sha1', 'diffie-hellman-group1-sha1'] server key:['ssh-rsa', 'ssh-dss'] client encrypt:['aes128-ctr', 'aes192-ctr', 'aes256-ctr', 'arcfour256', 'arcfour128', 'aes128-cbc', '3des-cbc', 'blowfish-cbc', 'cast128-cbc', 'aes192-cbc', 'aes256-cbc', 'arcfour', 'rijndael-cbc@lysator.liu.se'] server encrypt:['aes128-ctr', 'aes192-ctr', 'aes256-ctr', 'arcfour256', 'arcfour128', 'aes128-cbc', '3des-cbc', 'blowfish-cbc', 'cast128-cbc', 'aes192-cbc', 'aes256-cbc', 'arcfour', 'rijndael-cbc@lysator.liu.se'] client mac:['hmac-md5', 'hmac-sha1', 'umac-64@openssh.com', 'hmac-sha2-256', 'hmac-sha2-512', 'hmac-ripemd160', 'hmac-ripemd160@openssh.com', 'hmac-sha1-96', 'hmac-md5-96'] server mac:['hmac-md5', 'hmac-sha1', 'umac-64@openssh.com', 'hmac-sha2-256', 'hmac-sha2-512', 'hmac-ripemd160', 'hmac-ripemd160@openssh.com', 'hmac-sha1-96', 'hmac-md5-96'] client compress:['none', 'zlib@openssh.com'] server compress:['none', 'zlib@openssh.com'] client lang:[''] server lang:[''] kex follows?False
2016-05-02 19:15:36,360 [DEBUG] Kex agreed: diffie-hellman-group1-sha1
2016-05-02 19:15:36,360 [DEBUG] Cipher agreed: aes128-ctr
2016-05-02 19:15:36,360 [DEBUG] MAC agreed: hmac-sha2-256
2016-05-02 19:15:36,361 [DEBUG] Compression agreed: none
2016-05-02 19:15:36,521 [DEBUG] Switch to new keys ...
2016-05-02 19:17:10,975 [DEBUG] Rekeying (hit 32675 packets, 536874320 bytes received)
2016-05-02 19:17:11,243 [DEBUG] kex algos:['diffie-hellman-group-exchange-sha256', 'diffie-hellman-group-exchange-sha1', 'diffie-hellman-group14-sha1', 'diffie-hellman-group1-sha1'] server key:['ssh-rsa', 'ssh-dss'] client encrypt:['aes128-ctr', 'aes192-ctr', 'aes256-ctr', 'arcfour256', 'arcfour128', 'aes128-cbc', '3des-cbc', 'blowfish-cbc', 'cast128-cbc', 'aes192-cbc', 'aes256-cbc', 'arcfour', 'rijndael-cbc@lysator.liu.se'] server encrypt:['aes128-ctr', 'aes192-ctr', 'aes256-ctr', 'arcfour256', 'arcfour128', 'aes128-cbc', '3des-cbc', 'blowfish-cbc', 'cast128-cbc', 'aes192-cbc', 'aes256-cbc', 'arcfour', 'rijndael-cbc@lysator.liu.se'] client mac:['hmac-md5', 'hmac-sha1', 'umac-64@openssh.com', 'hmac-sha2-256', 'hmac-sha2-512', 'hmac-ripemd160', 'hmac-ripemd160@openssh.com', 'hmac-sha1-96', 'hmac-md5-96'] server mac:['hmac-md5', 'hmac-sha1', 'umac-64@openssh.com', 'hmac-sha2-256', 'hmac-sha2-512', 'hmac-ripemd160', 'hmac-ripemd160@openssh.com', 'hmac-sha1-96', 'hmac-md5-96'] client compress:['none', 'zlib@openssh.com'] server compress:['none', 'zlib@openssh.com'] client lang:[''] server lang:[''] kex follows?False
2016-05-02 19:17:11,243 [DEBUG] Kex agreed: diffie-hellman-group1-sha1
2016-05-02 19:17:11,243 [DEBUG] Cipher agreed: aes128-ctr
2016-05-02 19:17:11,243 [DEBUG] MAC agreed: hmac-sha2-256
2016-05-02 19:17:11,243 [DEBUG] Compression agreed: none
2016-05-02 19:17:11,399 [DEBUG] Switch to new keys ...
2016-05-02 19:18:36,916 [DEBUG] Rekeying (hit 32673 packets, 536884160 bytes received)
2016-05-02 19:18:42,406 [DEBUG] [chan 0] EOF sent (0)
2016-05-02 19:18:43,728 [DEBUG] kex algos:['diffie-hellman-group-exchange-sha256', 'diffie-hellman-group-exchange-sha1', 'diffie-hellman-group14-sha1', 'diffie-hellman-group1-sha1'] server key:['ssh-rsa', 'ssh-dss'] client encrypt:['aes128-ctr', 'aes192-ctr', 'aes256-ctr', 'arcfour256', 'arcfour128', 'aes128-cbc', '3des-cbc', 'blowfish-cbc', 'cast128-cbc', 'aes192-cbc', 'aes256-cbc', 'arcfour', 'rijndael-cbc@lysator.liu.se'] server encrypt:['aes128-ctr', 'aes192-ctr', 'aes256-ctr', 'arcfour256', 'arcfour128', 'aes128-cbc', '3des-cbc', 'blowfish-cbc', 'cast128-cbc', 'aes192-cbc', 'aes256-cbc', 'arcfour', 'rijndael-cbc@lysator.liu.se'] client mac:['hmac-md5', 'hmac-sha1', 'umac-64@openssh.com', 'hmac-sha2-256', 'hmac-sha2-512', 'hmac-ripemd160', 'hmac-ripemd160@openssh.com', 'hmac-sha1-96', 'hmac-md5-96'] server mac:['hmac-md5', 'hmac-sha1', 'umac-64@openssh.com', 'hmac-sha2-256', 'hmac-sha2-512', 'hmac-ripemd160', 'hmac-ripemd160@openssh.com', 'hmac-sha1-96', 'hmac-md5-96'] client compress:['none', 'zlib@openssh.com'] server compress:['none', 'zlib@openssh.com'] client lang:[''] server lang:[''] kex follows?False
2016-05-02 19:18:43,728 [DEBUG] Kex agreed: diffie-hellman-group1-sha1
2016-05-02 19:18:43,729 [DEBUG] Cipher agreed: aes128-ctr
2016-05-02 19:18:43,729 [DEBUG] MAC agreed: hmac-sha2-256
2016-05-02 19:18:43,729 [DEBUG] Compression agreed: none
2016-05-02 19:18:43,881 [DEBUG] Switch to new keys ...
2016-05-02 19:18:43,882 [ERROR] Error receiving, socket.timeout
Traceback (most recent call last):
  File "/afs/pdc.kth.se/projects/xenon/software/Anaconda3r5/envs/pax/lib/python3.4/site-packages/paramiko-2.0.0-py3.4.egg/paramiko/channel.py", line 613, in recv
    out = self.in_buffer.read(nbytes, self.timeout)
  File "/afs/pdc.kth.se/projects/xenon/software/Anaconda3r5/envs/pax/lib/python3.4/site-packages/paramiko-2.0.0-py3.4.egg/paramiko/buffered_pipe.py", line 151, in read
    raise PipeTimeout()
paramiko.buffered_pipe.PipeTimeout

During handling of the above exception, another exception occurred:

Traceback (most recent call last):
  File "/afs/pdc.kth.se/projects/xenon/software/Anaconda3r5/envs/pax/lib/python3.4/site-packages/scp-0.10.2-py3.4.egg/scp.py", line 405, in _recv_file
    file_hdl.write(chan.recv(buff_size))
  File "/afs/pdc.kth.se/projects/xenon/software/Anaconda3r5/envs/pax/lib/python3.4/site-packages/paramiko-2.0.0-py3.4.egg/paramiko/channel.py", line 615, in recv
    raise socket.timeout()
socket.timeout

During handling of the above exception, another exception occurred:

Traceback (most recent call last):
  File "/afs/pdc.kth.se/projects/xenon/software/Anaconda3r5/envs/pax/lib/python3.4/site-packages/cax-0.1.0-py3.4.egg/cax/tasks/data_mover.py", line 127, in copy_handshake
    datum_new)
  File "/afs/pdc.kth.se/projects/xenon/software/Anaconda3r5/envs/pax/lib/python3.4/site-packages/cax-0.1.0-py3.4.egg/cax/tasks/data_mover.py", line 51, in copy
    recursive=True)
  File "/afs/pdc.kth.se/projects/xenon/software/Anaconda3r5/envs/pax/lib/python3.4/site-packages/scp-0.10.2-py3.4.egg/scp.py", line 198, in get
    self._recv_all()
  File "/afs/pdc.kth.se/projects/xenon/software/Anaconda3r5/envs/pax/lib/python3.4/site-packages/scp-0.10.2-py3.4.egg/scp.py", line 346, in _recv_all
    command[code](msg[1:])
  File "/afs/pdc.kth.se/projects/xenon/software/Anaconda3r5/envs/pax/lib/python3.4/site-packages/scp-0.10.2-py3.4.egg/scp.py", line 415, in _recv_file
    raise SCPException('Error receiving, socket.timeout')
scp.SCPException: Error receiving, socket.timeout
2016-05-02 19:18:43,982 [DEBUG] EOF in transport thread
2016-05-02 19:18:44,055 [INFO] Transfer complete
2016-05-02 19:18:44,057 [INFO] Transferring run 362 to: tegner-login-1
2016-05-02 19:18:44,129 [INFO] Starting SCP
2016-05-02 19:18:44,138 [INFO] connection to midway-login1.rcc.uchicago.edu
2016-05-02 19:18:44,273 [DEBUG] starting thread (client mode): 0xec3b97f0
2016-05-02 19:18:44,274 [DEBUG] Local version/idstring: SSH-2.0-paramiko_2.0.0
2016-05-02 19:18:44,411 [DEBUG] Remote version/idstring: SSH-2.0-OpenSSH_5.3
2016-05-02 19:18:44,411 [INFO] Connected (version 2.0, client OpenSSH_5.3)
2016-05-02 19:18:44,544 [DEBUG] kex algos:['diffie-hellman-group-exchange-sha256', 'diffie-hellman-group-exchange-sha1', 'diffie-hellman-group14-sha1', 'diffie-hellman-group1-sha1'] server key:['ssh-rsa', 'ssh-dss'] client encrypt:['aes128-ctr', 'aes192-ctr', 'aes256-ctr', 'arcfour256', 'arcfour128', 'aes128-cbc', '3des-cbc', 'blowfish-cbc', 'cast128-cbc', 'aes192-cbc', 'aes256-cbc', 'arcfour', 'rijndael-cbc@lysator.liu.se'] server encrypt:['aes128-ctr', 'aes192-ctr', 'aes256-ctr', 'arcfour256', 'arcfour128', 'aes128-cbc', '3des-cbc', 'blowfish-cbc', 'cast128-cbc', 'aes192-cbc', 'aes256-cbc', 'arcfour', 'rijndael-cbc@lysator.liu.se'] client mac:['hmac-md5', 'hmac-sha1', 'umac-64@openssh.com', 'hmac-sha2-256', 'hmac-sha2-512', 'hmac-ripemd160', 'hmac-ripemd160@openssh.com', 'hmac-sha1-96', 'hmac-md5-96'] server mac:['hmac-md5', 'hmac-sha1', 'umac-64@openssh.com', 'hmac-sha2-256', 'hmac-sha2-512', 'hmac-ripemd160', 'hmac-ripemd160@openssh.com', 'hmac-sha1-96', 'hmac-md5-96'] client compress:['none', 'zlib@openssh.com'] server compress:['none', 'zlib@openssh.com'] client lang:[''] server lang:[''] kex follows?False
2016-05-02 19:18:44,544 [DEBUG] Kex agreed: diffie-hellman-group1-sha1
2016-05-02 19:18:44,544 [DEBUG] Cipher agreed: aes128-ctr
2016-05-02 19:18:44,544 [DEBUG] MAC agreed: hmac-sha2-256
2016-05-02 19:18:44,544 [DEBUG] Compression agreed: none
2016-05-02 19:18:44,730 [DEBUG] kex engine KexGroup1 specified hash_algo <built-in function openssl_sha1>
2016-05-02 19:18:44,731 [DEBUG] Switch to new keys ...
2016-05-02 19:18:44,734 [DEBUG] Trying discovered key b'b771447567f90e4025a31312a65675cb' in /afs/pdc.kth.se/home/b/bobau/.ssh/id_rsa
2016-05-02 19:18:45,036 [DEBUG] userauth is OK
2016-05-02 19:18:45,192 [INFO] Authentication (publickey) successful!
2016-05-02 19:18:45,192 [INFO] get: /project/lgrandi/xenon1t/160502_1129 to /cfs/klemming/projects/xenon/xenon1t/data/160502_1129
2016-05-02 19:18:45,194 [DEBUG] [chan 0] Max packet in: 32768 bytes
2016-05-02 19:18:45,327 [DEBUG] [chan 0] Max packet out: 32768 bytes
2016-05-02 19:18:45,328 [DEBUG] Secsh channel 0 opened.
2016-05-02 19:18:45,463 [DEBUG] [chan 0] Sesch channel 0 request ok
2016-05-02 19:20:14,792 [DEBUG] Rekeying (hit 32528 packets, 536882064 bytes received)
2016-05-02 19:20:15,030 [DEBUG] kex algos:['diffie-hellman-group-exchange-sha256', 'diffie-hellman-group-exchange-sha1', 'diffie-hellman-group14-sha1', 'diffie-hellman-group1-sha1'] server key:['ssh-rsa', 'ssh-dss'] client encrypt:['aes128-ctr', 'aes192-ctr', 'aes256-ctr', 'arcfour256', 'arcfour128', 'aes128-cbc', '3des-cbc', 'blowfish-cbc', 'cast128-cbc', 'aes192-cbc', 'aes256-cbc', 'arcfour', 'rijndael-cbc@lysator.liu.se'] server encrypt:['aes128-ctr', 'aes192-ctr', 'aes256-ctr', 'arcfour256', 'arcfour128', 'aes128-cbc', '3des-cbc', 'blowfish-cbc', 'cast128-cbc', 'aes192-cbc', 'aes256-cbc', 'arcfour', 'rijndael-cbc@lysator.liu.se'] client mac:['hmac-md5', 'hmac-sha1', 'umac-64@openssh.com', 'hmac-sha2-256', 'hmac-sha2-512', 'hmac-ripemd160', 'hmac-ripemd160@openssh.com', 'hmac-sha1-96', 'hmac-md5-96'] server mac:['hmac-md5', 'hmac-sha1', 'umac-64@openssh.com', 'hmac-sha2-256', 'hmac-sha2-512', 'hmac-ripemd160', 'hmac-ripemd160@openssh.com', 'hmac-sha1-96', 'hmac-md5-96'] client compress:['none', 'zlib@openssh.com'] server compress:['none', 'zlib@openssh.com'] client lang:[''] server lang:[''] kex follows?False
2016-05-02 19:20:15,030 [DEBUG] Kex agreed: diffie-hellman-group1-sha1
2016-05-02 19:20:15,031 [DEBUG] Cipher agreed: aes128-ctr
2016-05-02 19:20:15,031 [DEBUG] MAC agreed: hmac-sha2-256
2016-05-02 19:20:15,032 [DEBUG] Compression agreed: none
2016-05-02 19:20:15,194 [DEBUG] Switch to new keys ...
2016-05-02 19:21:34,425 [DEBUG] Rekeying (hit 32676 packets, 536884912 bytes received)
2016-05-02 19:21:34,688 [DEBUG] kex algos:['diffie-hellman-group-exchange-sha256', 'diffie-hellman-group-exchange-sha1', 'diffie-hellman-group14-sha1', 'diffie-hellman-group1-sha1'] server key:['ssh-rsa', 'ssh-dss'] client encrypt:['aes128-ctr', 'aes192-ctr', 'aes256-ctr', 'arcfour256', 'arcfour128', 'aes128-cbc', '3des-cbc', 'blowfish-cbc', 'cast128-cbc', 'aes192-cbc', 'aes256-cbc', 'arcfour', 'rijndael-cbc@lysator.liu.se'] server encrypt:['aes128-ctr', 'aes192-ctr', 'aes256-ctr', 'arcfour256', 'arcfour128', 'aes128-cbc', '3des-cbc', 'blowfish-cbc', 'cast128-cbc', 'aes192-cbc', 'aes256-cbc', 'arcfour', 'rijndael-cbc@lysator.liu.se'] client mac:['hmac-md5', 'hmac-sha1', 'umac-64@openssh.com', 'hmac-sha2-256', 'hmac-sha2-512', 'hmac-ripemd160', 'hmac-ripemd160@openssh.com', 'hmac-sha1-96', 'hmac-md5-96'] server mac:['hmac-md5', 'hmac-sha1', 'umac-64@openssh.com', 'hmac-sha2-256', 'hmac-sha2-512', 'hmac-ripemd160', 'hmac-ripemd160@openssh.com', 'hmac-sha1-96', 'hmac-md5-96'] client compress:['none', 'zlib@openssh.com'] server compress:['none', 'zlib@openssh.com'] client lang:[''] server lang:[''] kex follows?False
2016-05-02 19:21:34,688 [DEBUG] Kex agreed: diffie-hellman-group1-sha1
2016-05-02 19:21:34,688 [DEBUG] Cipher agreed: aes128-ctr
2016-05-02 19:21:34,688 [DEBUG] MAC agreed: hmac-sha2-256
2016-05-02 19:21:34,688 [DEBUG] Compression agreed: none
2016-05-02 19:21:34,835 [DEBUG] Switch to new keys ...
2016-05-02 19:23:04,604 [DEBUG] Rekeying (hit 32672 packets, 536881056 bytes received)
2016-05-02 19:23:04,854 [DEBUG] kex algos:['diffie-hellman-group-exchange-sha256', 'diffie-hellman-group-exchange-sha1', 'diffie-hellman-group14-sha1', 'diffie-hellman-group1-sha1'] server key:['ssh-rsa', 'ssh-dss'] client encrypt:['aes128-ctr', 'aes192-ctr', 'aes256-ctr', 'arcfour256', 'arcfour128', 'aes128-cbc', '3des-cbc', 'blowfish-cbc', 'cast128-cbc', 'aes192-cbc', 'aes256-cbc', 'arcfour', 'rijndael-cbc@lysator.liu.se'] server encrypt:['aes128-ctr', 'aes192-ctr', 'aes256-ctr', 'arcfour256', 'arcfour128', 'aes128-cbc', '3des-cbc', 'blowfish-cbc', 'cast128-cbc', 'aes192-cbc', 'aes256-cbc', 'arcfour', 'rijndael-cbc@lysator.liu.se'] client mac:['hmac-md5', 'hmac-sha1', 'umac-64@openssh.com', 'hmac-sha2-256', 'hmac-sha2-512', 'hmac-ripemd160', 'hmac-ripemd160@openssh.com', 'hmac-sha1-96', 'hmac-md5-96'] server mac:['hmac-md5', 'hmac-sha1', 'umac-64@openssh.com', 'hmac-sha2-256', 'hmac-sha2-512', 'hmac-ripemd160', 'hmac-ripemd160@openssh.com', 'hmac-sha1-96', 'hmac-md5-96'] client compress:['none', 'zlib@openssh.com'] server compress:['none', 'zlib@openssh.com'] client lang:[''] server lang:[''] kex follows?False
2016-05-02 19:23:04,855 [DEBUG] Kex agreed: diffie-hellman-group1-sha1
2016-05-02 19:23:04,855 [DEBUG] Cipher agreed: aes128-ctr
2016-05-02 19:23:04,855 [DEBUG] MAC agreed: hmac-sha2-256
2016-05-02 19:23:04,855 [DEBUG] Compression agreed: none
2016-05-02 19:23:05,014 [DEBUG] Switch to new keys ...
2016-05-02 19:24:33,477 [DEBUG] Rekeying (hit 32671 packets, 536873264 bytes received)
2016-05-02 19:24:33,715 [DEBUG] kex algos:['diffie-hellman-group-exchange-sha256', 'diffie-hellman-group-exchange-sha1', 'diffie-hellman-group14-sha1', 'diffie-hellman-group1-sha1'] server key:['ssh-rsa', 'ssh-dss'] client encrypt:['aes128-ctr', 'aes192-ctr', 'aes256-ctr', 'arcfour256', 'arcfour128', 'aes128-cbc', '3des-cbc', 'blowfish-cbc', 'cast128-cbc', 'aes192-cbc', 'aes256-cbc', 'arcfour', 'rijndael-cbc@lysator.liu.se'] server encrypt:['aes128-ctr', 'aes192-ctr', 'aes256-ctr', 'arcfour256', 'arcfour128', 'aes128-cbc', '3des-cbc', 'blowfish-cbc', 'cast128-cbc', 'aes192-cbc', 'aes256-cbc', 'arcfour', 'rijndael-cbc@lysator.liu.se'] client mac:['hmac-md5', 'hmac-sha1', 'umac-64@openssh.com', 'hmac-sha2-256', 'hmac-sha2-512', 'hmac-ripemd160', 'hmac-ripemd160@openssh.com', 'hmac-sha1-96', 'hmac-md5-96'] server mac:['hmac-md5', 'hmac-sha1', 'umac-64@openssh.com', 'hmac-sha2-256', 'hmac-sha2-512', 'hmac-ripemd160', 'hmac-ripemd160@openssh.com', 'hmac-sha1-96', 'hmac-md5-96'] client compress:['none', 'zlib@openssh.com'] server compress:['none', 'zlib@openssh.com'] client lang:[''] server lang:[''] kex follows?False
2016-05-02 19:24:33,715 [DEBUG] Kex agreed: diffie-hellman-group1-sha1
2016-05-02 19:24:33,715 [DEBUG] Cipher agreed: aes128-ctr
2016-05-02 19:24:33,716 [DEBUG] MAC agreed: hmac-sha2-256
2016-05-02 19:24:33,716 [DEBUG] Compression agreed: none
2016-05-02 19:24:33,872 [DEBUG] Switch to new keys ...
2016-05-02 19:26:20,514 [DEBUG] Rekeying (hit 32674 packets, 536877536 bytes received)
2016-05-02 19:26:20,757 [DEBUG] kex algos:['diffie-hellman-group-exchange-sha256', 'diffie-hellman-group-exchange-sha1', 'diffie-hellman-group14-sha1', 'diffie-hellman-group1-sha1'] server key:['ssh-rsa', 'ssh-dss'] client encrypt:['aes128-ctr', 'aes192-ctr', 'aes256-ctr', 'arcfour256', 'arcfour128', 'aes128-cbc', '3des-cbc', 'blowfish-cbc', 'cast128-cbc', 'aes192-cbc', 'aes256-cbc', 'arcfour', 'rijndael-cbc@lysator.liu.se'] server encrypt:['aes128-ctr', 'aes192-ctr', 'aes256-ctr', 'arcfour256', 'arcfour128', 'aes128-cbc', '3des-cbc', 'blowfish-cbc', 'cast128-cbc', 'aes192-cbc', 'aes256-cbc', 'arcfour', 'rijndael-cbc@lysator.liu.se'] client mac:['hmac-md5', 'hmac-sha1', 'umac-64@openssh.com', 'hmac-sha2-256', 'hmac-sha2-512', 'hmac-ripemd160', 'hmac-ripemd160@openssh.com', 'hmac-sha1-96', 'hmac-md5-96'] server mac:['hmac-md5', 'hmac-sha1', 'umac-64@openssh.com', 'hmac-sha2-256', 'hmac-sha2-512', 'hmac-ripemd160', 'hmac-ripemd160@openssh.com', 'hmac-sha1-96', 'hmac-md5-96'] client compress:['none', 'zlib@openssh.com'] server compress:['none', 'zlib@openssh.com'] client lang:[''] server lang:[''] kex follows?False
2016-05-02 19:26:20,757 [DEBUG] Kex agreed: diffie-hellman-group1-sha1
2016-05-02 19:26:20,758 [DEBUG] Cipher agreed: aes128-ctr
2016-05-02 19:26:20,758 [DEBUG] MAC agreed: hmac-sha2-256
2016-05-02 19:26:20,758 [DEBUG] Compression agreed: none
2016-05-02 19:26:20,906 [DEBUG] Switch to new keys ...
2016-05-02 19:28:07,681 [DEBUG] Rekeying (hit 32672 packets, 536876304 bytes received)
2016-05-02 19:28:07,911 [DEBUG] kex algos:['diffie-hellman-group-exchange-sha256', 'diffie-hellman-group-exchange-sha1', 'diffie-hellman-group14-sha1', 'diffie-hellman-group1-sha1'] server key:['ssh-rsa', 'ssh-dss'] client encrypt:['aes128-ctr', 'aes192-ctr', 'aes256-ctr', 'arcfour256', 'arcfour128', 'aes128-cbc', '3des-cbc', 'blowfish-cbc', 'cast128-cbc', 'aes192-cbc', 'aes256-cbc', 'arcfour', 'rijndael-cbc@lysator.liu.se'] server encrypt:['aes128-ctr', 'aes192-ctr', 'aes256-ctr', 'arcfour256', 'arcfour128', 'aes128-cbc', '3des-cbc', 'blowfish-cbc', 'cast128-cbc', 'aes192-cbc', 'aes256-cbc', 'arcfour', 'rijndael-cbc@lysator.liu.se'] client mac:['hmac-md5', 'hmac-sha1', 'umac-64@openssh.com', 'hmac-sha2-256', 'hmac-sha2-512', 'hmac-ripemd160', 'hmac-ripemd160@openssh.com', 'hmac-sha1-96', 'hmac-md5-96'] server mac:['hmac-md5', 'hmac-sha1', 'umac-64@openssh.com', 'hmac-sha2-256', 'hmac-sha2-512', 'hmac-ripemd160', 'hmac-ripemd160@openssh.com', 'hmac-sha1-96', 'hmac-md5-96'] client compress:['none', 'zlib@openssh.com'] server compress:['none', 'zlib@openssh.com'] client lang:[''] server lang:[''] kex follows?False
2016-05-02 19:28:07,911 [DEBUG] Kex agreed: diffie-hellman-group1-sha1
2016-05-02 19:28:07,912 [DEBUG] Cipher agreed: aes128-ctr
2016-05-02 19:28:07,912 [DEBUG] MAC agreed: hmac-sha2-256
2016-05-02 19:28:07,912 [DEBUG] Compression agreed: none
2016-05-02 19:28:08,074 [DEBUG] Switch to new keys ...
2016-05-02 19:29:32,194 [DEBUG] Rekeying (hit 32673 packets, 536878752 bytes received)
2016-05-02 19:29:32,423 [DEBUG] kex algos:['diffie-hellman-group-exchange-sha256', 'diffie-hellman-group-exchange-sha1', 'diffie-hellman-group14-sha1', 'diffie-hellman-group1-sha1'] server key:['ssh-rsa', 'ssh-dss'] client encrypt:['aes128-ctr', 'aes192-ctr', 'aes256-ctr', 'arcfour256', 'arcfour128', 'aes128-cbc', '3des-cbc', 'blowfish-cbc', 'cast128-cbc', 'aes192-cbc', 'aes256-cbc', 'arcfour', 'rijndael-cbc@lysator.liu.se'] server encrypt:['aes128-ctr', 'aes192-ctr', 'aes256-ctr', 'arcfour256', 'arcfour128', 'aes128-cbc', '3des-cbc', 'blowfish-cbc', 'cast128-cbc', 'aes192-cbc', 'aes256-cbc', 'arcfour', 'rijndael-cbc@lysator.liu.se'] client mac:['hmac-md5', 'hmac-sha1', 'umac-64@openssh.com', 'hmac-sha2-256', 'hmac-sha2-512', 'hmac-ripemd160', 'hmac-ripemd160@openssh.com', 'hmac-sha1-96', 'hmac-md5-96'] server mac:['hmac-md5', 'hmac-sha1', 'umac-64@openssh.com', 'hmac-sha2-256', 'hmac-sha2-512', 'hmac-ripemd160', 'hmac-ripemd160@openssh.com', 'hmac-sha1-96', 'hmac-md5-96'] client compress:['none', 'zlib@openssh.com'] server compress:['none', 'zlib@openssh.com'] client lang:[''] server lang:[''] kex follows?False
2016-05-02 19:29:32,423 [DEBUG] Kex agreed: diffie-hellman-group1-sha1
2016-05-02 19:29:32,424 [DEBUG] Cipher agreed: aes128-ctr
2016-05-02 19:29:32,424 [DEBUG] MAC agreed: hmac-sha2-256
2016-05-02 19:29:32,424 [DEBUG] Compression agreed: none
2016-05-02 19:29:32,581 [DEBUG] Switch to new keys ...
2016-05-02 19:29:55,595 [DEBUG] [chan 0] EOF received (0)
2016-05-02 19:29:55,596 [DEBUG] [chan 0] EOF sent (0)
2016-05-02 19:29:55,597 [DEBUG] Dropping user packet because connection is dead.
2016-05-02 19:29:55,670 [INFO] Transfer complete
2016-05-02 19:29:55,673 [INFO] Transferring run 364 to: tegner-login-1
2016-05-02 19:29:55,745 [INFO] Starting SCP
2016-05-02 19:29:55,752 [INFO] connection to midway-login1.rcc.uchicago.edu
2016-05-02 19:29:56,015 [DEBUG] starting thread (client mode): 0xd03f90b8
2016-05-02 19:29:56,016 [DEBUG] Local version/idstring: SSH-2.0-paramiko_2.0.0
2016-05-02 19:29:56,146 [DEBUG] Remote version/idstring: SSH-2.0-OpenSSH_5.3
2016-05-02 19:29:56,147 [INFO] Connected (version 2.0, client OpenSSH_5.3)
2016-05-02 19:29:56,273 [DEBUG] kex algos:['diffie-hellman-group-exchange-sha256', 'diffie-hellman-group-exchange-sha1', 'diffie-hellman-group14-sha1', 'diffie-hellman-group1-sha1'] server key:['ssh-rsa', 'ssh-dss'] client encrypt:['aes128-ctr', 'aes192-ctr', 'aes256-ctr', 'arcfour256', 'arcfour128', 'aes128-cbc', '3des-cbc', 'blowfish-cbc', 'cast128-cbc', 'aes192-cbc', 'aes256-cbc', 'arcfour', 'rijndael-cbc@lysator.liu.se'] server encrypt:['aes128-ctr', 'aes192-ctr', 'aes256-ctr', 'arcfour256', 'arcfour128', 'aes128-cbc', '3des-cbc', 'blowfish-cbc', 'cast128-cbc', 'aes192-cbc', 'aes256-cbc', 'arcfour', 'rijndael-cbc@lysator.liu.se'] client mac:['hmac-md5', 'hmac-sha1', 'umac-64@openssh.com', 'hmac-sha2-256', 'hmac-sha2-512', 'hmac-ripemd160', 'hmac-ripemd160@openssh.com', 'hmac-sha1-96', 'hmac-md5-96'] server mac:['hmac-md5', 'hmac-sha1', 'umac-64@openssh.com', 'hmac-sha2-256', 'hmac-sha2-512', 'hmac-ripemd160', 'hmac-ripemd160@openssh.com', 'hmac-sha1-96', 'hmac-md5-96'] client compress:['none', 'zlib@openssh.com'] server compress:['none', 'zlib@openssh.com'] client lang:[''] server lang:[''] kex follows?False
2016-05-02 19:29:56,273 [DEBUG] Kex agreed: diffie-hellman-group1-sha1
2016-05-02 19:29:56,274 [DEBUG] Cipher agreed: aes128-ctr
2016-05-02 19:29:56,274 [DEBUG] MAC agreed: hmac-sha2-256
2016-05-02 19:29:56,274 [DEBUG] Compression agreed: none
2016-05-02 19:29:56,457 [DEBUG] kex engine KexGroup1 specified hash_algo <built-in function openssl_sha1>
2016-05-02 19:29:56,458 [DEBUG] Switch to new keys ...
2016-05-02 19:29:56,471 [DEBUG] Trying discovered key b'b771447567f90e4025a31312a65675cb' in /afs/pdc.kth.se/home/b/bobau/.ssh/id_rsa
2016-05-02 19:29:56,750 [DEBUG] userauth is OK
2016-05-02 19:29:56,899 [INFO] Authentication (publickey) successful!
2016-05-02 19:29:56,900 [INFO] get: /project/lgrandi/xenon1t/160502_1229 to /cfs/klemming/projects/xenon/xenon1t/data/160502_1229
2016-05-02 19:29:56,901 [DEBUG] [chan 0] Max packet in: 32768 bytes
2016-05-02 19:29:57,029 [DEBUG] [chan 0] Max packet out: 32768 bytes
2016-05-02 19:29:57,030 [DEBUG] Secsh channel 0 opened.
2016-05-02 19:29:57,159 [DEBUG] [chan 0] Sesch channel 0 request ok
2016-05-02 19:32:12,285 [DEBUG] Rekeying (hit 32536 packets, 536872400 bytes received)
2016-05-02 19:32:12,508 [DEBUG] kex algos:['diffie-hellman-group-exchange-sha256', 'diffie-hellman-group-exchange-sha1', 'diffie-hellman-group14-sha1', 'diffie-hellman-group1-sha1'] server key:['ssh-rsa', 'ssh-dss'] client encrypt:['aes128-ctr', 'aes192-ctr', 'aes256-ctr', 'arcfour256', 'arcfour128', 'aes128-cbc', '3des-cbc', 'blowfish-cbc', 'cast128-cbc', 'aes192-cbc', 'aes256-cbc', 'arcfour', 'rijndael-cbc@lysator.liu.se'] server encrypt:['aes128-ctr', 'aes192-ctr', 'aes256-ctr', 'arcfour256', 'arcfour128', 'aes128-cbc', '3des-cbc', 'blowfish-cbc', 'cast128-cbc', 'aes192-cbc', 'aes256-cbc', 'arcfour', 'rijndael-cbc@lysator.liu.se'] client mac:['hmac-md5', 'hmac-sha1', 'umac-64@openssh.com', 'hmac-sha2-256', 'hmac-sha2-512', 'hmac-ripemd160', 'hmac-ripemd160@openssh.com', 'hmac-sha1-96', 'hmac-md5-96'] server mac:['hmac-md5', 'hmac-sha1', 'umac-64@openssh.com', 'hmac-sha2-256', 'hmac-sha2-512', 'hmac-ripemd160', 'hmac-ripemd160@openssh.com', 'hmac-sha1-96', 'hmac-md5-96'] client compress:['none', 'zlib@openssh.com'] server compress:['none', 'zlib@openssh.com'] client lang:[''] server lang:[''] kex follows?False
2016-05-02 19:32:12,508 [DEBUG] Kex agreed: diffie-hellman-group1-sha1
2016-05-02 19:32:12,509 [DEBUG] Cipher agreed: aes128-ctr
2016-05-02 19:32:12,509 [DEBUG] MAC agreed: hmac-sha2-256
2016-05-02 19:32:12,509 [DEBUG] Compression agreed: none
2016-05-02 19:32:12,657 [DEBUG] Switch to new keys ...
2016-05-02 19:32:19,494 [DEBUG] [chan 0] EOF received (0)
2016-05-02 19:32:19,495 [DEBUG] [chan 0] EOF sent (0)
2016-05-02 19:32:19,569 [INFO] Transfer complete
2016-05-02 19:32:19,570 [INFO] Transferring run 365 to: tegner-login-1
2016-05-02 19:32:19,642 [INFO] Starting SCP
2016-05-02 19:32:19,649 [INFO] connection to midway-login1.rcc.uchicago.edu
2016-05-02 19:32:19,784 [DEBUG] starting thread (client mode): 0xd0407358
2016-05-02 19:32:19,785 [DEBUG] Local version/idstring: SSH-2.0-paramiko_2.0.0
2016-05-02 19:32:19,922 [DEBUG] Remote version/idstring: SSH-2.0-OpenSSH_5.3
2016-05-02 19:32:19,923 [INFO] Connected (version 2.0, client OpenSSH_5.3)
2016-05-02 19:32:20,055 [DEBUG] kex algos:['diffie-hellman-group-exchange-sha256', 'diffie-hellman-group-exchange-sha1', 'diffie-hellman-group14-sha1', 'diffie-hellman-group1-sha1'] server key:['ssh-rsa', 'ssh-dss'] client encrypt:['aes128-ctr', 'aes192-ctr', 'aes256-ctr', 'arcfour256', 'arcfour128', 'aes128-cbc', '3des-cbc', 'blowfish-cbc', 'cast128-cbc', 'aes192-cbc', 'aes256-cbc', 'arcfour', 'rijndael-cbc@lysator.liu.se'] server encrypt:['aes128-ctr', 'aes192-ctr', 'aes256-ctr', 'arcfour256', 'arcfour128', 'aes128-cbc', '3des-cbc', 'blowfish-cbc', 'cast128-cbc', 'aes192-cbc', 'aes256-cbc', 'arcfour', 'rijndael-cbc@lysator.liu.se'] client mac:['hmac-md5', 'hmac-sha1', 'umac-64@openssh.com', 'hmac-sha2-256', 'hmac-sha2-512', 'hmac-ripemd160', 'hmac-ripemd160@openssh.com', 'hmac-sha1-96', 'hmac-md5-96'] server mac:['hmac-md5', 'hmac-sha1', 'umac-64@openssh.com', 'hmac-sha2-256', 'hmac-sha2-512', 'hmac-ripemd160', 'hmac-ripemd160@openssh.com', 'hmac-sha1-96', 'hmac-md5-96'] client compress:['none', 'zlib@openssh.com'] server compress:['none', 'zlib@openssh.com'] client lang:[''] server lang:[''] kex follows?False
2016-05-02 19:32:20,055 [DEBUG] Kex agreed: diffie-hellman-group1-sha1
2016-05-02 19:32:20,055 [DEBUG] Cipher agreed: aes128-ctr
2016-05-02 19:32:20,056 [DEBUG] MAC agreed: hmac-sha2-256
2016-05-02 19:32:20,056 [DEBUG] Compression agreed: none
2016-05-02 19:32:20,237 [DEBUG] kex engine KexGroup1 specified hash_algo <built-in function openssl_sha1>
2016-05-02 19:32:20,238 [DEBUG] Switch to new keys ...
2016-05-02 19:32:20,239 [DEBUG] Trying discovered key b'b771447567f90e4025a31312a65675cb' in /afs/pdc.kth.se/home/b/bobau/.ssh/id_rsa
2016-05-02 19:32:20,542 [DEBUG] userauth is OK
2016-05-02 19:32:20,712 [INFO] Authentication (publickey) successful!
2016-05-02 19:32:20,713 [INFO] get: /project/lgrandi/xenon1t/160502_1243 to /cfs/klemming/projects/xenon/xenon1t/data/160502_1243
2016-05-02 19:32:20,714 [DEBUG] [chan 0] Max packet in: 32768 bytes
2016-05-02 19:32:20,848 [DEBUG] [chan 0] Max packet out: 32768 bytes
2016-05-02 19:32:20,848 [DEBUG] Secsh channel 0 opened.
2016-05-02 19:32:20,983 [DEBUG] [chan 0] Sesch channel 0 request ok
2016-05-02 19:33:48,185 [DEBUG] EOF in transport thread
2016-05-03 09:35:36,748 [INFO] Daemon is starting
2016-05-03 09:35:36,783 [INFO] Executing ProcessBatchQueue.
2016-05-03 09:35:37,060 [INFO] Executing SCPPush.
2016-05-03 09:35:49,197 [INFO] Daemon is starting
2016-05-03 09:35:49,199 [INFO] Executing ProcessBatchQueue.
2016-05-03 09:44:54,945 [INFO] Daemon is starting
2016-05-03 09:44:54,946 [INFO] Executing ProcessBatchQueue.
